<?xml version="1.0" encoding="UTF-8"?>
<!-- Generated by org.testng.reporters.JUnitReportReporter -->
<testsuite hostname="Pallavi-Sadhus-MacBook-Air.local" failures="0" tests="1" name="sptrint2_java.RegistrationNumberTask" time="0.024" errors="0" timestamp="2023-01-09T19:56:52 CST" skipped="0">
  <testcase classname="sptrint2_java.RegistrationNumberTask" name="extractRegistrationAndHallticketNumbers" time="0.024"/>
  <system-out/>
</testsuite> <!-- sptrint2_java.RegistrationNumberTask -->
