<?xml version="1.0" encoding="UTF-8"?>
<!-- Generated by org.testng.reporters.JUnitReportReporter -->
<testsuite hostname="Pallavi-Sadhus-MacBook-Air.local" failures="0" tests="1" name="sptrint2_java.XmlExtraction" time="0.063" errors="0" timestamp="2023-01-15T14:09:19 CST" skipped="0">
  <testcase classname="sptrint2_java.XmlExtraction" name="testCase1" time="0.063"/>
  <system-out/>
</testsuite> <!-- sptrint2_java.XmlExtraction -->
