<?xml version="1.0" encoding="UTF-8"?>
<!-- Generated by org.testng.reporters.JUnitReportReporter -->
<testsuite hostname="Pallavi-Sadhus-MacBook-Air.local" failures="0" tests="1" name="sptrint2_java.Walmart_Restaurant" time="11.146" errors="0" timestamp="2023-01-09T14:09:49 CST" skipped="0">
  <testcase classname="sptrint2_java.Walmart_Restaurant" name="testCase1" time="11.146"/>
  <system-out/>
</testsuite> <!-- sptrint2_java.Walmart_Restaurant -->
