<?xml version="1.0" encoding="UTF-8"?>
<!-- Generated by org.testng.reporters.JUnitReportReporter -->
<testsuite hostname="Pallavi-Sadhus-MacBook-Air.local" failures="0" tests="1" name="sptrint2_java.Hcl_SwapStrings" time="0.020" errors="0" timestamp="2023-01-06T17:26:49 CST" skipped="0">
  <testcase classname="sptrint2_java.Hcl_SwapStrings" name="testCase2" time="0.020"/>
  <system-out/>
</testsuite> <!-- sptrint2_java.Hcl_SwapStrings -->
