<?xml version="1.0" encoding="UTF-8"?>
<!-- Generated by org.testng.reporters.JUnitReportReporter -->
<testsuite hostname="Pallavi-Sadhus-MacBook-Air.local" failures="0" tests="3" name="sptrint2_java.Hcl_CharCount" time="0.020" errors="0" timestamp="2023-01-06T17:20:50 CST" skipped="0">
  <testcase classname="sptrint2_java.Hcl_CharCount" name="testCase1" time="0.016"/>
  <system-out/>
  <testcase classname="sptrint2_java.Hcl_CharCount" name="testCase2" time="0.003"/>
  <system-out/>
  <testcase classname="sptrint2_java.Hcl_CharCount" name="testCase3" time="0.001"/>
  <system-out/>
</testsuite> <!-- sptrint2_java.Hcl_CharCount -->
