<?xml version="1.0" encoding="UTF-8"?>
<!-- Generated by org.testng.reporters.JUnitReportReporter -->
<testsuite hostname="Pallavi-Sadhus-MacBook-Air.local" failures="0" tests="1" name="OOPS.Main" time="26.972" errors="0" timestamp="2023-01-16T12:54:44 CST" skipped="0">
  <testcase classname="OOPS.Main" name="method1" time="26.972"/>
  <system-out/>
</testsuite> <!-- OOPS.Main -->
