<?xml version="1.0" encoding="UTF-8"?>
<!-- Generated by org.testng.reporters.JUnitReportReporter -->
<testsuite hostname="Pallavi-Sadhus-MacBook-Air.local" failures="0" tests="2" name="sptrint2_java.WellFargo_CommonPrefix" time="0.019" errors="0" timestamp="2023-01-07T22:52:56 CST" skipped="0">
  <testcase classname="sptrint2_java.WellFargo_CommonPrefix" name="testCase1" time="0.017"/>
  <system-out/>
  <testcase classname="sptrint2_java.WellFargo_CommonPrefix" name="testCase2" time="0.002"/>
  <system-out/>
</testsuite> <!-- sptrint2_java.WellFargo_CommonPrefix -->
