<?xml version="1.0" encoding="UTF-8"?>
<!-- Generated by org.testng.reporters.JUnitReportReporter -->
<testsuite hostname="Pallavi-Sadhus-MacBook-Air.local" failures="0" tests="4" name="sptrint2_java.GitAssignment" time="0.023" errors="0" timestamp="2023-01-05T11:48:22 CST" skipped="0">
  <testcase classname="sptrint2_java.GitAssignment" name="testCase4" time="0.004"/>
  <system-out/>
  <testcase classname="sptrint2_java.GitAssignment" name="testCase1" time="0.013"/>
  <system-out/>
  <testcase classname="sptrint2_java.GitAssignment" name="testCase2" time="0.004"/>
  <system-out/>
  <testcase classname="sptrint2_java.GitAssignment" name="testCase3" time="0.002"/>
  <system-out/>
</testsuite> <!-- sptrint2_java.GitAssignment -->
